<?xml version="1.0" encoding="UTF-8"?>
<testsuite name="Eliminar pregunta" tests="21" skipped="0" failures="7" errors="0" timestamp="2023-04-26T18:04:52" hostname="LAPTOP-7C2GORMF" time="13.677">
  <properties/>
  <testcase name="Eliminar pregunta" classname="Eliminar pregunta" time="1.627">
    <failure message="java.lang.AssertionError: 1 expectation failed.&#10;Expected status code &lt;200&gt; but was &lt;404&gt;.&#10;" type="java.lang.AssertionError">java.lang.AssertionError: 1 expectation failed.
Expected status code &lt;200&gt; but was &lt;404&gt;.

	at net.serenitybdd.screenplay.ErrorTally.throwSummaryExceptionFrom(ErrorTally.java:36)
	at net.serenitybdd.screenplay.ErrorTally.reportAnyErrors(ErrorTally.java:30)
	at net.serenitybdd.screenplay.Actor.should(Actor.java:316)
	at com.sofkau.stepdefinitions.EliminarPreguntaStepDefinition.reciboUnDeRespuestaYEliminoLaPregunta(EliminarPreguntaStepDefinition.java:64)
	at ✽.recibo un 200 de respuesta y elimino la pregunta(file:///C:/Users/rolin/Sofka%20U/RetoFinalAutomatizaciones/AutomatizacionServicios/src/test/resources/features/eliminarpregunta.feature:10)
</failure>
  </testcase>
  <testcase name="Eliminar pregunta" classname="Eliminar pregunta" time="0.691">
    <failure message="java.lang.AssertionError: 1 expectation failed.&#10;Expected status code &lt;200&gt; but was &lt;404&gt;.&#10;" type="java.lang.AssertionError">java.lang.AssertionError: 1 expectation failed.
Expected status code &lt;200&gt; but was &lt;404&gt;.

	at net.serenitybdd.screenplay.ErrorTally.throwSummaryExceptionFrom(ErrorTally.java:36)
	at net.serenitybdd.screenplay.ErrorTally.reportAnyErrors(ErrorTally.java:30)
	at net.serenitybdd.screenplay.Actor.should(Actor.java:316)
	at com.sofkau.stepdefinitions.EliminarPreguntaStepDefinition.reciboUnDeRespuestaYEliminoLaPregunta(EliminarPreguntaStepDefinition.java:64)
	at ✽.recibo un 200 de respuesta y elimino la pregunta(file:///C:/Users/rolin/Sofka%20U/RetoFinalAutomatizaciones/AutomatizacionServicios/src/test/resources/features/eliminarpregunta.feature:10)
</failure>
  </testcase>
  <testcase name="Eliminar pregunta" classname="Eliminar pregunta" time="0.7">
    <failure message="java.lang.AssertionError: 1 expectation failed.&#10;Expected status code &lt;200&gt; but was &lt;404&gt;.&#10;" type="java.lang.AssertionError">java.lang.AssertionError: 1 expectation failed.
Expected status code &lt;200&gt; but was &lt;404&gt;.

	at net.serenitybdd.screenplay.ErrorTally.throwSummaryExceptionFrom(ErrorTally.java:36)
	at net.serenitybdd.screenplay.ErrorTally.reportAnyErrors(ErrorTally.java:30)
	at net.serenitybdd.screenplay.Actor.should(Actor.java:316)
	at com.sofkau.stepdefinitions.EliminarPreguntaStepDefinition.reciboUnDeRespuestaYEliminoLaPregunta(EliminarPreguntaStepDefinition.java:64)
	at ✽.recibo un 200 de respuesta y elimino la pregunta(file:///C:/Users/rolin/Sofka%20U/RetoFinalAutomatizaciones/AutomatizacionServicios/src/test/resources/features/eliminarpregunta.feature:10)
</failure>
  </testcase>
  <testcase name="Eliminar pregunta" classname="Eliminar pregunta" time="0.597">
    <failure message="java.lang.AssertionError: 1 expectation failed.&#10;Expected status code &lt;200&gt; but was &lt;404&gt;.&#10;" type="java.lang.AssertionError">java.lang.AssertionError: 1 expectation failed.
Expected status code &lt;200&gt; but was &lt;404&gt;.

	at net.serenitybdd.screenplay.ErrorTally.throwSummaryExceptionFrom(ErrorTally.java:36)
	at net.serenitybdd.screenplay.ErrorTally.reportAnyErrors(ErrorTally.java:30)
	at net.serenitybdd.screenplay.Actor.should(Actor.java:316)
	at com.sofkau.stepdefinitions.EliminarPreguntaStepDefinition.reciboUnDeRespuestaYEliminoLaPregunta(EliminarPreguntaStepDefinition.java:64)
	at ✽.recibo un 200 de respuesta y elimino la pregunta(file:///C:/Users/rolin/Sofka%20U/RetoFinalAutomatizaciones/AutomatizacionServicios/src/test/resources/features/eliminarpregunta.feature:10)
</failure>
  </testcase>
  <testcase name="Eliminar pregunta" classname="Eliminar pregunta" time="0.592">
    <failure message="java.lang.AssertionError: 1 expectation failed.&#10;Expected status code &lt;200&gt; but was &lt;404&gt;.&#10;" type="java.lang.AssertionError">java.lang.AssertionError: 1 expectation failed.
Expected status code &lt;200&gt; but was &lt;404&gt;.

	at net.serenitybdd.screenplay.ErrorTally.throwSummaryExceptionFrom(ErrorTally.java:36)
	at net.serenitybdd.screenplay.ErrorTally.reportAnyErrors(ErrorTally.java:30)
	at net.serenitybdd.screenplay.Actor.should(Actor.java:316)
	at com.sofkau.stepdefinitions.EliminarPreguntaStepDefinition.reciboUnDeRespuestaYEliminoLaPregunta(EliminarPreguntaStepDefinition.java:64)
	at ✽.recibo un 200 de respuesta y elimino la pregunta(file:///C:/Users/rolin/Sofka%20U/RetoFinalAutomatizaciones/AutomatizacionServicios/src/test/resources/features/eliminarpregunta.feature:10)
</failure>
  </testcase>
  <testcase name="Eliminar pregunta" classname="Eliminar pregunta" time="0.605">
    <failure message="java.lang.AssertionError: 1 expectation failed.&#10;Expected status code &lt;200&gt; but was &lt;404&gt;.&#10;" type="java.lang.AssertionError">java.lang.AssertionError: 1 expectation failed.
Expected status code &lt;200&gt; but was &lt;404&gt;.

	at net.serenitybdd.screenplay.ErrorTally.throwSummaryExceptionFrom(ErrorTally.java:36)
	at net.serenitybdd.screenplay.ErrorTally.reportAnyErrors(ErrorTally.java:30)
	at net.serenitybdd.screenplay.Actor.should(Actor.java:316)
	at com.sofkau.stepdefinitions.EliminarPreguntaStepDefinition.reciboUnDeRespuestaYEliminoLaPregunta(EliminarPreguntaStepDefinition.java:64)
	at ✽.recibo un 200 de respuesta y elimino la pregunta(file:///C:/Users/rolin/Sofka%20U/RetoFinalAutomatizaciones/AutomatizacionServicios/src/test/resources/features/eliminarpregunta.feature:10)
</failure>
  </testcase>
  <testcase name="Eliminar pregunta" classname="Eliminar pregunta" time="0.61">
    <failure message="java.lang.AssertionError: 1 expectation failed.&#10;Expected status code &lt;200&gt; but was &lt;404&gt;.&#10;" type="java.lang.AssertionError">java.lang.AssertionError: 1 expectation failed.
Expected status code &lt;200&gt; but was &lt;404&gt;.

	at net.serenitybdd.screenplay.ErrorTally.throwSummaryExceptionFrom(ErrorTally.java:36)
	at net.serenitybdd.screenplay.ErrorTally.reportAnyErrors(ErrorTally.java:30)
	at net.serenitybdd.screenplay.Actor.should(Actor.java:316)
	at com.sofkau.stepdefinitions.EliminarPreguntaStepDefinition.reciboUnDeRespuestaYEliminoLaPregunta(EliminarPreguntaStepDefinition.java:64)
	at ✽.recibo un 200 de respuesta y elimino la pregunta(file:///C:/Users/rolin/Sofka%20U/RetoFinalAutomatizaciones/AutomatizacionServicios/src/test/resources/features/eliminarpregunta.feature:10)
</failure>
  </testcase>
  <testcase name="Eliminar pregunta" classname="Eliminar pregunta" time="0.972"/>
  <testcase name="Eliminar pregunta" classname="Eliminar pregunta" time="0.593"/>
  <testcase name="Eliminar pregunta" classname="Eliminar pregunta" time="0.572"/>
  <testcase name="Eliminar pregunta" classname="Eliminar pregunta" time="0.554"/>
  <testcase name="Eliminar pregunta" classname="Eliminar pregunta" time="0.547"/>
  <testcase name="Eliminar pregunta" classname="Eliminar pregunta" time="0.559"/>
  <testcase name="Eliminar pregunta" classname="Eliminar pregunta" time="0.633"/>
  <testcase name="Eliminar pregunta" classname="Eliminar pregunta" time="0.545"/>
  <testcase name="Eliminar pregunta" classname="Eliminar pregunta" time="0.55"/>
  <testcase name="Eliminar pregunta" classname="Eliminar pregunta" time="0.54"/>
  <testcase name="Eliminar pregunta" classname="Eliminar pregunta" time="0.542"/>
  <testcase name="Eliminar pregunta" classname="Eliminar pregunta" time="0.561"/>
  <testcase name="Eliminar pregunta" classname="Eliminar pregunta" time="0.552"/>
  <testcase name="Eliminar pregunta" classname="Eliminar pregunta" time="0.535"/>
  <system-out><![CDATA[Request method:	DELETE
Request URI:	https://reto-q-backend-production.up.railway.app/question/delete/6445dd2187ccd7fd3c489290
Proxy:			<none>
Request params:	<none>
Query params:	<none>
Form params:	<none>
Path params:	<none>
Headers:		Accept=*/*
				Content-Type=application/json; charset=UTF-8
Cookies:		<none>
Multiparts:		<none>
Body:			<none>
HTTP/1.1 404 Not Found
x-powered-by: Express
access-control-allow-origin: *
content-type: application/json; charset=utf-8
content-length: 70
etag: W/"46-+ypO62qrrekyt4xx1XRth2NhKDc"
date: Wed, 26 Apr 2023 18:04:52 GMT
server: railway

{
    "statusCode": 404,
    "message": "Question not found!",
    "error": "Not Found"
}
Request method:	DELETE
Request URI:	https://reto-q-backend-production.up.railway.app/question/delete/6445dd2187ccd7fd3c489291
Proxy:			<none>
Request params:	<none>
Query params:	<none>
Form params:	<none>
Path params:	<none>
Headers:		Accept=*/*
				Content-Type=application/json; charset=UTF-8
Cookies:		<none>
Multiparts:		<none>
Body:			<none>
HTTP/1.1 404 Not Found
x-powered-by: Express
access-control-allow-origin: *
content-type: application/json; charset=utf-8
content-length: 70
etag: W/"46-+ypO62qrrekyt4xx1XRth2NhKDc"
date: Wed, 26 Apr 2023 18:04:54 GMT
server: railway

{
    "statusCode": 404,
    "message": "Question not found!",
    "error": "Not Found"
}
Request method:	DELETE
Request URI:	https://reto-q-backend-production.up.railway.app/question/delete/6445dd2187ccd7fd3c489292
Proxy:			<none>
Request params:	<none>
Query params:	<none>
Form params:	<none>
Path params:	<none>
Headers:		Accept=*/*
				Content-Type=application/json; charset=UTF-8
Cookies:		<none>
Multiparts:		<none>
Body:			<none>
HTTP/1.1 404 Not Found
x-powered-by: Express
access-control-allow-origin: *
content-type: application/json; charset=utf-8
content-length: 70
etag: W/"46-+ypO62qrrekyt4xx1XRth2NhKDc"
date: Wed, 26 Apr 2023 18:04:54 GMT
server: railway

{
    "statusCode": 404,
    "message": "Question not found!",
    "error": "Not Found"
}
Request method:	DELETE
Request URI:	https://reto-q-backend-production.up.railway.app/question/delete/6445dd2187ccd7fd3c489293
Proxy:			<none>
Request params:	<none>
Query params:	<none>
Form params:	<none>
Path params:	<none>
Headers:		Accept=*/*
				Content-Type=application/json; charset=UTF-8
Cookies:		<none>
Multiparts:		<none>
Body:			<none>
HTTP/1.1 404 Not Found
x-powered-by: Express
access-control-allow-origin: *
content-type: application/json; charset=utf-8
content-length: 70
etag: W/"46-+ypO62qrrekyt4xx1XRth2NhKDc"
date: Wed, 26 Apr 2023 18:04:55 GMT
server: railway

{
    "statusCode": 404,
    "message": "Question not found!",
    "error": "Not Found"
}
Request method:	DELETE
Request URI:	https://reto-q-backend-production.up.railway.app/question/delete/6445dd2187ccd7fd3c489294
Proxy:			<none>
Request params:	<none>
Query params:	<none>
Form params:	<none>
Path params:	<none>
Headers:		Accept=*/*
				Content-Type=application/json; charset=UTF-8
Cookies:		<none>
Multiparts:		<none>
Body:			<none>
HTTP/1.1 404 Not Found
x-powered-by: Express
access-control-allow-origin: *
content-type: application/json; charset=utf-8
content-length: 70
etag: W/"46-+ypO62qrrekyt4xx1XRth2NhKDc"
date: Wed, 26 Apr 2023 18:04:56 GMT
server: railway

{
    "statusCode": 404,
    "message": "Question not found!",
    "error": "Not Found"
}
Request method:	DELETE
Request URI:	https://reto-q-backend-production.up.railway.app/question/delete/6445dd2187ccd7fd3c489295
Proxy:			<none>
Request params:	<none>
Query params:	<none>
Form params:	<none>
Path params:	<none>
Headers:		Accept=*/*
				Content-Type=application/json; charset=UTF-8
Cookies:		<none>
Multiparts:		<none>
Body:			<none>
HTTP/1.1 404 Not Found
x-powered-by: Express
access-control-allow-origin: *
content-type: application/json; charset=utf-8
content-length: 70
etag: W/"46-+ypO62qrrekyt4xx1XRth2NhKDc"
date: Wed, 26 Apr 2023 18:04:56 GMT
server: railway

{
    "statusCode": 404,
    "message": "Question not found!",
    "error": "Not Found"
}
Request method:	DELETE
Request URI:	https://reto-q-backend-production.up.railway.app/question/delete/6445dd2187ccd7fd3c489296
Proxy:			<none>
Request params:	<none>
Query params:	<none>
Form params:	<none>
Path params:	<none>
Headers:		Accept=*/*
				Content-Type=application/json; charset=UTF-8
Cookies:		<none>
Multiparts:		<none>
Body:			<none>
HTTP/1.1 404 Not Found
x-powered-by: Express
access-control-allow-origin: *
content-type: application/json; charset=utf-8
content-length: 70
etag: W/"46-+ypO62qrrekyt4xx1XRth2NhKDc"
date: Wed, 26 Apr 2023 18:04:57 GMT
server: railway

{
    "statusCode": 404,
    "message": "Question not found!",
    "error": "Not Found"
}
Request method:	DELETE
Request URI:	https://reto-q-backend-production.up.railway.app/question/delete/6445dd2187ccd7fd3c489297
Proxy:			<none>
Request params:	<none>
Query params:	<none>
Form params:	<none>
Path params:	<none>
Headers:		Accept=*/*
				Content-Type=application/json; charset=UTF-8
Cookies:		<none>
Multiparts:		<none>
Body:			<none>
HTTP/1.1 200 OK
x-powered-by: Express
access-control-allow-origin: *
content-type: text/html; charset=utf-8
content-length: 4
etag: W/"4-X/5TO4MPCKAyY0ipFgr6/IraRNs"
date: Wed, 26 Apr 2023 18:04:57 GMT
server: railway

<html>
  <body>true</body>
</html>
Request method:	DELETE
Request URI:	https://reto-q-backend-production.up.railway.app/question/delete/6445dd2187ccd7fd3c489298
Proxy:			<none>
Request params:	<none>
Query params:	<none>
Form params:	<none>
Path params:	<none>
Headers:		Accept=*/*
				Content-Type=application/json; charset=UTF-8
Cookies:		<none>
Multiparts:		<none>
Body:			<none>
HTTP/1.1 200 OK
x-powered-by: Express
access-control-allow-origin: *
content-type: text/html; charset=utf-8
content-length: 4
etag: W/"4-X/5TO4MPCKAyY0ipFgr6/IraRNs"
date: Wed, 26 Apr 2023 18:04:58 GMT
server: railway

<html>
  <body>true</body>
</html>
Request method:	DELETE
Request URI:	https://reto-q-backend-production.up.railway.app/question/delete/6445dd2187ccd7fd3c489299
Proxy:			<none>
Request params:	<none>
Query params:	<none>
Form params:	<none>
Path params:	<none>
Headers:		Accept=*/*
				Content-Type=application/json; charset=UTF-8
Cookies:		<none>
Multiparts:		<none>
Body:			<none>
HTTP/1.1 200 OK
x-powered-by: Express
access-control-allow-origin: *
content-type: text/html; charset=utf-8
content-length: 4
etag: W/"4-X/5TO4MPCKAyY0ipFgr6/IraRNs"
date: Wed, 26 Apr 2023 18:04:59 GMT
server: railway

<html>
  <body>true</body>
</html>
Request method:	DELETE
Request URI:	https://reto-q-backend-production.up.railway.app/question/delete/6445dd2187ccd7fd3c489210
Proxy:			<none>
Request params:	<none>
Query params:	<none>
Form params:	<none>
Path params:	<none>
Headers:		Accept=*/*
				Content-Type=application/json; charset=UTF-8
Cookies:		<none>
Multiparts:		<none>
Body:			<none>
HTTP/1.1 200 OK
x-powered-by: Express
access-control-allow-origin: *
content-type: text/html; charset=utf-8
content-length: 4
etag: W/"4-X/5TO4MPCKAyY0ipFgr6/IraRNs"
date: Wed, 26 Apr 2023 18:04:59 GMT
server: railway

<html>
  <body>true</body>
</html>
Request method:	DELETE
Request URI:	https://reto-q-backend-production.up.railway.app/question/delete/6445dd2187ccd7fd3c489211
Proxy:			<none>
Request params:	<none>
Query params:	<none>
Form params:	<none>
Path params:	<none>
Headers:		Accept=*/*
				Content-Type=application/json; charset=UTF-8
Cookies:		<none>
Multiparts:		<none>
Body:			<none>
HTTP/1.1 200 OK
x-powered-by: Express
access-control-allow-origin: *
content-type: text/html; charset=utf-8
content-length: 4
etag: W/"4-X/5TO4MPCKAyY0ipFgr6/IraRNs"
date: Wed, 26 Apr 2023 18:05:00 GMT
server: railway

<html>
  <body>true</body>
</html>
Request method:	DELETE
Request URI:	https://reto-q-backend-production.up.railway.app/question/delete/6445dd2187ccd7fd3c489212
Proxy:			<none>
Request params:	<none>
Query params:	<none>
Form params:	<none>
Path params:	<none>
Headers:		Accept=*/*
				Content-Type=application/json; charset=UTF-8
Cookies:		<none>
Multiparts:		<none>
Body:			<none>
HTTP/1.1 200 OK
x-powered-by: Express
access-control-allow-origin: *
content-type: text/html; charset=utf-8
content-length: 4
etag: W/"4-X/5TO4MPCKAyY0ipFgr6/IraRNs"
date: Wed, 26 Apr 2023 18:05:01 GMT
server: railway

<html>
  <body>true</body>
</html>
Request method:	DELETE
Request URI:	https://reto-q-backend-production.up.railway.app/question/delete/6445dd2187ccd7fd3c489213
Proxy:			<none>
Request params:	<none>
Query params:	<none>
Form params:	<none>
Path params:	<none>
Headers:		Accept=*/*
				Content-Type=application/json; charset=UTF-8
Cookies:		<none>
Multiparts:		<none>
Body:			<none>
HTTP/1.1 200 OK
x-powered-by: Express
access-control-allow-origin: *
content-type: text/html; charset=utf-8
content-length: 4
etag: W/"4-X/5TO4MPCKAyY0ipFgr6/IraRNs"
date: Wed, 26 Apr 2023 18:05:01 GMT
server: railway

<html>
  <body>true</body>
</html>
Request method:	DELETE
Request URI:	https://reto-q-backend-production.up.railway.app/question/delete/6445dd2187ccd7fd3c489214
Proxy:			<none>
Request params:	<none>
Query params:	<none>
Form params:	<none>
Path params:	<none>
Headers:		Accept=*/*
				Content-Type=application/json; charset=UTF-8
Cookies:		<none>
Multiparts:		<none>
Body:			<none>
HTTP/1.1 200 OK
x-powered-by: Express
access-control-allow-origin: *
content-type: text/html; charset=utf-8
content-length: 4
etag: W/"4-X/5TO4MPCKAyY0ipFgr6/IraRNs"
date: Wed, 26 Apr 2023 18:05:02 GMT
server: railway

<html>
  <body>true</body>
</html>
Request method:	DELETE
Request URI:	https://reto-q-backend-production.up.railway.app/question/delete/6445dd2187ccd7fd3c489215
Proxy:			<none>
Request params:	<none>
Query params:	<none>
Form params:	<none>
Path params:	<none>
Headers:		Accept=*/*
				Content-Type=application/json; charset=UTF-8
Cookies:		<none>
Multiparts:		<none>
Body:			<none>
HTTP/1.1 200 OK
x-powered-by: Express
access-control-allow-origin: *
content-type: text/html; charset=utf-8
content-length: 4
etag: W/"4-X/5TO4MPCKAyY0ipFgr6/IraRNs"
date: Wed, 26 Apr 2023 18:05:02 GMT
server: railway

<html>
  <body>true</body>
</html>
Request method:	DELETE
Request URI:	https://reto-q-backend-production.up.railway.app/question/delete/6445dd2187ccd7fd3c489216
Proxy:			<none>
Request params:	<none>
Query params:	<none>
Form params:	<none>
Path params:	<none>
Headers:		Accept=*/*
				Content-Type=application/json; charset=UTF-8
Cookies:		<none>
Multiparts:		<none>
Body:			<none>
HTTP/1.1 200 OK
x-powered-by: Express
access-control-allow-origin: *
content-type: text/html; charset=utf-8
content-length: 4
etag: W/"4-X/5TO4MPCKAyY0ipFgr6/IraRNs"
date: Wed, 26 Apr 2023 18:05:03 GMT
server: railway

<html>
  <body>true</body>
</html>
Request method:	DELETE
Request URI:	https://reto-q-backend-production.up.railway.app/question/delete/6445dd2187ccd7fd3c489217
Proxy:			<none>
Request params:	<none>
Query params:	<none>
Form params:	<none>
Path params:	<none>
Headers:		Accept=*/*
				Content-Type=application/json; charset=UTF-8
Cookies:		<none>
Multiparts:		<none>
Body:			<none>
HTTP/1.1 200 OK
x-powered-by: Express
access-control-allow-origin: *
content-type: text/html; charset=utf-8
content-length: 4
etag: W/"4-X/5TO4MPCKAyY0ipFgr6/IraRNs"
date: Wed, 26 Apr 2023 18:05:03 GMT
server: railway

<html>
  <body>true</body>
</html>
Request method:	DELETE
Request URI:	https://reto-q-backend-production.up.railway.app/question/delete/6445dd2187ccd7fd3c489218
Proxy:			<none>
Request params:	<none>
Query params:	<none>
Form params:	<none>
Path params:	<none>
Headers:		Accept=*/*
				Content-Type=application/json; charset=UTF-8
Cookies:		<none>
Multiparts:		<none>
Body:			<none>
HTTP/1.1 200 OK
x-powered-by: Express
access-control-allow-origin: *
content-type: text/html; charset=utf-8
content-length: 4
etag: W/"4-X/5TO4MPCKAyY0ipFgr6/IraRNs"
date: Wed, 26 Apr 2023 18:05:04 GMT
server: railway

<html>
  <body>true</body>
</html>
Request method:	DELETE
Request URI:	https://reto-q-backend-production.up.railway.app/question/delete/6445dd2187ccd7fd3c489219
Proxy:			<none>
Request params:	<none>
Query params:	<none>
Form params:	<none>
Path params:	<none>
Headers:		Accept=*/*
				Content-Type=application/json; charset=UTF-8
Cookies:		<none>
Multiparts:		<none>
Body:			<none>
HTTP/1.1 200 OK
x-powered-by: Express
access-control-allow-origin: *
content-type: text/html; charset=utf-8
content-length: 4
etag: W/"4-X/5TO4MPCKAyY0ipFgr6/IraRNs"
date: Wed, 26 Apr 2023 18:05:05 GMT
server: railway

<html>
  <body>true</body>
</html>
Request method:	DELETE
Request URI:	https://reto-q-backend-production.up.railway.app/question/delete/6445dd2187ccd7fd3c489220
Proxy:			<none>
Request params:	<none>
Query params:	<none>
Form params:	<none>
Path params:	<none>
Headers:		Accept=*/*
				Content-Type=application/json; charset=UTF-8
Cookies:		<none>
Multiparts:		<none>
Body:			<none>
HTTP/1.1 200 OK
x-powered-by: Express
access-control-allow-origin: *
content-type: text/html; charset=utf-8
content-length: 4
etag: W/"4-X/5TO4MPCKAyY0ipFgr6/IraRNs"
date: Wed, 26 Apr 2023 18:05:05 GMT
server: railway

<html>
  <body>true</body>
</html>
]]></system-out>
  <system-err><![CDATA[abr. 26, 2023 1:04:52 P. M. com.sofkau.stepdefinitions.EliminarPreguntaStepDefinition queEstoyApuntandoConUnEndpointALaApirest
INFO: Se inicia la automatizacion de las preguntas
abr. 26, 2023 1:04:52 P. M. com.sofkau.stepdefinitions.EliminarPreguntaStepDefinition envioLaPeticionDeleteConElIdDeLaPreguntaMedianteSu
INFO: 
abr. 26, 2023 1:04:53 P. M. com.sofkau.stepdefinitions.EliminarPreguntaStepDefinition queEstoyApuntandoConUnEndpointALaApirest
INFO: Se inicia la automatizacion de las preguntas
abr. 26, 2023 1:04:53 P. M. com.sofkau.stepdefinitions.EliminarPreguntaStepDefinition envioLaPeticionDeleteConElIdDeLaPreguntaMedianteSu
INFO: 
abr. 26, 2023 1:04:54 P. M. com.sofkau.stepdefinitions.EliminarPreguntaStepDefinition queEstoyApuntandoConUnEndpointALaApirest
INFO: Se inicia la automatizacion de las preguntas
abr. 26, 2023 1:04:54 P. M. com.sofkau.stepdefinitions.EliminarPreguntaStepDefinition envioLaPeticionDeleteConElIdDeLaPreguntaMedianteSu
INFO: 
abr. 26, 2023 1:04:55 P. M. com.sofkau.stepdefinitions.EliminarPreguntaStepDefinition queEstoyApuntandoConUnEndpointALaApirest
INFO: Se inicia la automatizacion de las preguntas
abr. 26, 2023 1:04:55 P. M. com.sofkau.stepdefinitions.EliminarPreguntaStepDefinition envioLaPeticionDeleteConElIdDeLaPreguntaMedianteSu
INFO: 
abr. 26, 2023 1:04:55 P. M. com.sofkau.stepdefinitions.EliminarPreguntaStepDefinition queEstoyApuntandoConUnEndpointALaApirest
INFO: Se inicia la automatizacion de las preguntas
abr. 26, 2023 1:04:55 P. M. com.sofkau.stepdefinitions.EliminarPreguntaStepDefinition envioLaPeticionDeleteConElIdDeLaPreguntaMedianteSu
INFO: 
abr. 26, 2023 1:04:56 P. M. com.sofkau.stepdefinitions.EliminarPreguntaStepDefinition queEstoyApuntandoConUnEndpointALaApirest
INFO: Se inicia la automatizacion de las preguntas
abr. 26, 2023 1:04:56 P. M. com.sofkau.stepdefinitions.EliminarPreguntaStepDefinition envioLaPeticionDeleteConElIdDeLaPreguntaMedianteSu
INFO: 
abr. 26, 2023 1:04:56 P. M. com.sofkau.stepdefinitions.EliminarPreguntaStepDefinition queEstoyApuntandoConUnEndpointALaApirest
INFO: Se inicia la automatizacion de las preguntas
abr. 26, 2023 1:04:56 P. M. com.sofkau.stepdefinitions.EliminarPreguntaStepDefinition envioLaPeticionDeleteConElIdDeLaPreguntaMedianteSu
INFO: 
abr. 26, 2023 1:04:57 P. M. com.sofkau.stepdefinitions.EliminarPreguntaStepDefinition queEstoyApuntandoConUnEndpointALaApirest
INFO: Se inicia la automatizacion de las preguntas
abr. 26, 2023 1:04:57 P. M. com.sofkau.stepdefinitions.EliminarPreguntaStepDefinition envioLaPeticionDeleteConElIdDeLaPreguntaMedianteSu
INFO: 
abr. 26, 2023 1:04:58 P. M. com.sofkau.stepdefinitions.EliminarPreguntaStepDefinition queEstoyApuntandoConUnEndpointALaApirest
INFO: Se inicia la automatizacion de las preguntas
abr. 26, 2023 1:04:58 P. M. com.sofkau.stepdefinitions.EliminarPreguntaStepDefinition envioLaPeticionDeleteConElIdDeLaPreguntaMedianteSu
INFO: 
abr. 26, 2023 1:04:59 P. M. com.sofkau.stepdefinitions.EliminarPreguntaStepDefinition queEstoyApuntandoConUnEndpointALaApirest
INFO: Se inicia la automatizacion de las preguntas
abr. 26, 2023 1:04:59 P. M. com.sofkau.stepdefinitions.EliminarPreguntaStepDefinition envioLaPeticionDeleteConElIdDeLaPreguntaMedianteSu
INFO: 
abr. 26, 2023 1:04:59 P. M. com.sofkau.stepdefinitions.EliminarPreguntaStepDefinition queEstoyApuntandoConUnEndpointALaApirest
INFO: Se inicia la automatizacion de las preguntas
abr. 26, 2023 1:04:59 P. M. com.sofkau.stepdefinitions.EliminarPreguntaStepDefinition envioLaPeticionDeleteConElIdDeLaPreguntaMedianteSu
INFO: 
abr. 26, 2023 1:05:00 P. M. com.sofkau.stepdefinitions.EliminarPreguntaStepDefinition queEstoyApuntandoConUnEndpointALaApirest
INFO: Se inicia la automatizacion de las preguntas
abr. 26, 2023 1:05:00 P. M. com.sofkau.stepdefinitions.EliminarPreguntaStepDefinition envioLaPeticionDeleteConElIdDeLaPreguntaMedianteSu
INFO: 
abr. 26, 2023 1:05:00 P. M. com.sofkau.stepdefinitions.EliminarPreguntaStepDefinition queEstoyApuntandoConUnEndpointALaApirest
INFO: Se inicia la automatizacion de las preguntas
abr. 26, 2023 1:05:00 P. M. com.sofkau.stepdefinitions.EliminarPreguntaStepDefinition envioLaPeticionDeleteConElIdDeLaPreguntaMedianteSu
INFO: 
abr. 26, 2023 1:05:01 P. M. com.sofkau.stepdefinitions.EliminarPreguntaStepDefinition queEstoyApuntandoConUnEndpointALaApirest
INFO: Se inicia la automatizacion de las preguntas
abr. 26, 2023 1:05:01 P. M. com.sofkau.stepdefinitions.EliminarPreguntaStepDefinition envioLaPeticionDeleteConElIdDeLaPreguntaMedianteSu
INFO: 
abr. 26, 2023 1:05:01 P. M. com.sofkau.stepdefinitions.EliminarPreguntaStepDefinition queEstoyApuntandoConUnEndpointALaApirest
INFO: Se inicia la automatizacion de las preguntas
abr. 26, 2023 1:05:01 P. M. com.sofkau.stepdefinitions.EliminarPreguntaStepDefinition envioLaPeticionDeleteConElIdDeLaPreguntaMedianteSu
INFO: 
abr. 26, 2023 1:05:02 P. M. com.sofkau.stepdefinitions.EliminarPreguntaStepDefinition queEstoyApuntandoConUnEndpointALaApirest
INFO: Se inicia la automatizacion de las preguntas
abr. 26, 2023 1:05:02 P. M. com.sofkau.stepdefinitions.EliminarPreguntaStepDefinition envioLaPeticionDeleteConElIdDeLaPreguntaMedianteSu
INFO: 
abr. 26, 2023 1:05:03 P. M. com.sofkau.stepdefinitions.EliminarPreguntaStepDefinition queEstoyApuntandoConUnEndpointALaApirest
INFO: Se inicia la automatizacion de las preguntas
abr. 26, 2023 1:05:03 P. M. com.sofkau.stepdefinitions.EliminarPreguntaStepDefinition envioLaPeticionDeleteConElIdDeLaPreguntaMedianteSu
INFO: 
abr. 26, 2023 1:05:03 P. M. com.sofkau.stepdefinitions.EliminarPreguntaStepDefinition queEstoyApuntandoConUnEndpointALaApirest
INFO: Se inicia la automatizacion de las preguntas
abr. 26, 2023 1:05:03 P. M. com.sofkau.stepdefinitions.EliminarPreguntaStepDefinition envioLaPeticionDeleteConElIdDeLaPreguntaMedianteSu
INFO: 
abr. 26, 2023 1:05:04 P. M. com.sofkau.stepdefinitions.EliminarPreguntaStepDefinition queEstoyApuntandoConUnEndpointALaApirest
INFO: Se inicia la automatizacion de las preguntas
abr. 26, 2023 1:05:04 P. M. com.sofkau.stepdefinitions.EliminarPreguntaStepDefinition envioLaPeticionDeleteConElIdDeLaPreguntaMedianteSu
INFO: 
abr. 26, 2023 1:05:04 P. M. com.sofkau.stepdefinitions.EliminarPreguntaStepDefinition queEstoyApuntandoConUnEndpointALaApirest
INFO: Se inicia la automatizacion de las preguntas
abr. 26, 2023 1:05:04 P. M. com.sofkau.stepdefinitions.EliminarPreguntaStepDefinition envioLaPeticionDeleteConElIdDeLaPreguntaMedianteSu
INFO: 
abr. 26, 2023 1:05:05 P. M. com.sofkau.stepdefinitions.EliminarPreguntaStepDefinition queEstoyApuntandoConUnEndpointALaApirest
INFO: Se inicia la automatizacion de las preguntas
abr. 26, 2023 1:05:05 P. M. com.sofkau.stepdefinitions.EliminarPreguntaStepDefinition envioLaPeticionDeleteConElIdDeLaPreguntaMedianteSu
INFO: 
]]></system-err>
</testsuite>
