<?xml version="1.0" encoding="UTF-8"?>
<testsuite name="com.sofkau.runners.EliminarPreguntaTest" tests="0" skipped="0" failures="0" errors="0" timestamp="1970-01-01T00:00:00" hostname="LAPTOP-7C2GORMF" time="0.0">
  <properties/>
  <system-out><![CDATA[
?[31mFailed scenarios:?[0m
?[31mfile:///C:/Users/rolin/Sofka%20U/RetoFinalAutomatizaciones/AutomatizacionServicios/src/test/resources/features/eliminarpregunta.feature:13?[0m# Eliminar pregunta
?[31mfile:///C:/Users/rolin/Sofka%20U/RetoFinalAutomatizaciones/AutomatizacionServicios/src/test/resources/features/eliminarpregunta.feature:14?[0m# Eliminar pregunta
?[31mfile:///C:/Users/rolin/Sofka%20U/RetoFinalAutomatizaciones/AutomatizacionServicios/src/test/resources/features/eliminarpregunta.feature:15?[0m# Eliminar pregunta
?[31mfile:///C:/Users/rolin/Sofka%20U/RetoFinalAutomatizaciones/AutomatizacionServicios/src/test/resources/features/eliminarpregunta.feature:16?[0m# Eliminar pregunta
?[31mfile:///C:/Users/rolin/Sofka%20U/RetoFinalAutomatizaciones/AutomatizacionServicios/src/test/resources/features/eliminarpregunta.feature:17?[0m# Eliminar pregunta
?[31mfile:///C:/Users/rolin/Sofka%20U/RetoFinalAutomatizaciones/AutomatizacionServicios/src/test/resources/features/eliminarpregunta.feature:18?[0m# Eliminar pregunta
?[31mfile:///C:/Users/rolin/Sofka%20U/RetoFinalAutomatizaciones/AutomatizacionServicios/src/test/resources/features/eliminarpregunta.feature:19?[0m# Eliminar pregunta

21 Scenarios (?[31m7 failed?[0m, ?[32m14 passed?[0m)
63 Steps (?[31m7 failed?[0m, ?[32m56 passed?[0m)
0m13,691s


java.lang.AssertionError: 1 expectation failed.
Expected status code <200> but was <404>.

	at net.serenitybdd.screenplay.ErrorTally.throwSummaryExceptionFrom(ErrorTally.java:36)
	at net.serenitybdd.screenplay.ErrorTally.reportAnyErrors(ErrorTally.java:30)
	at net.serenitybdd.screenplay.Actor.should(Actor.java:316)
	at com.sofkau.stepdefinitions.EliminarPreguntaStepDefinition.reciboUnDeRespuestaYEliminoLaPregunta(EliminarPreguntaStepDefinition.java:64)
	at ?.recibo un 200 de respuesta y elimino la pregunta(file:///C:/Users/rolin/Sofka%20U/RetoFinalAutomatizaciones/AutomatizacionServicios/src/test/resources/features/eliminarpregunta.feature:10)

java.lang.AssertionError: 1 expectation failed.
Expected status code <200> but was <404>.

	at net.serenitybdd.screenplay.ErrorTally.throwSummaryExceptionFrom(ErrorTally.java:36)
	at net.serenitybdd.screenplay.ErrorTally.reportAnyErrors(ErrorTally.java:30)
	at net.serenitybdd.screenplay.Actor.should(Actor.java:316)
	at com.sofkau.stepdefinitions.EliminarPreguntaStepDefinition.reciboUnDeRespuestaYEliminoLaPregunta(EliminarPreguntaStepDefinition.java:64)
	at ?.recibo un 200 de respuesta y elimino la pregunta(file:///C:/Users/rolin/Sofka%20U/RetoFinalAutomatizaciones/AutomatizacionServicios/src/test/resources/features/eliminarpregunta.feature:10)

java.lang.AssertionError: 1 expectation failed.
Expected status code <200> but was <404>.

	at net.serenitybdd.screenplay.ErrorTally.throwSummaryExceptionFrom(ErrorTally.java:36)
	at net.serenitybdd.screenplay.ErrorTally.reportAnyErrors(ErrorTally.java:30)
	at net.serenitybdd.screenplay.Actor.should(Actor.java:316)
	at com.sofkau.stepdefinitions.EliminarPreguntaStepDefinition.reciboUnDeRespuestaYEliminoLaPregunta(EliminarPreguntaStepDefinition.java:64)
	at ?.recibo un 200 de respuesta y elimino la pregunta(file:///C:/Users/rolin/Sofka%20U/RetoFinalAutomatizaciones/AutomatizacionServicios/src/test/resources/features/eliminarpregunta.feature:10)

java.lang.AssertionError: 1 expectation failed.
Expected status code <200> but was <404>.

	at net.serenitybdd.screenplay.ErrorTally.throwSummaryExceptionFrom(ErrorTally.java:36)
	at net.serenitybdd.screenplay.ErrorTally.reportAnyErrors(ErrorTally.java:30)
	at net.serenitybdd.screenplay.Actor.should(Actor.java:316)
	at com.sofkau.stepdefinitions.EliminarPreguntaStepDefinition.reciboUnDeRespuestaYEliminoLaPregunta(EliminarPreguntaStepDefinition.java:64)
	at ?.recibo un 200 de respuesta y elimino la pregunta(file:///C:/Users/rolin/Sofka%20U/RetoFinalAutomatizaciones/AutomatizacionServicios/src/test/resources/features/eliminarpregunta.feature:10)

java.lang.AssertionError: 1 expectation failed.
Expected status code <200> but was <404>.

	at net.serenitybdd.screenplay.ErrorTally.throwSummaryExceptionFrom(ErrorTally.java:36)
	at net.serenitybdd.screenplay.ErrorTally.reportAnyErrors(ErrorTally.java:30)
	at net.serenitybdd.screenplay.Actor.should(Actor.java:316)
	at com.sofkau.stepdefinitions.EliminarPreguntaStepDefinition.reciboUnDeRespuestaYEliminoLaPregunta(EliminarPreguntaStepDefinition.java:64)
	at ?.recibo un 200 de respuesta y elimino la pregunta(file:///C:/Users/rolin/Sofka%20U/RetoFinalAutomatizaciones/AutomatizacionServicios/src/test/resources/features/eliminarpregunta.feature:10)

java.lang.AssertionError: 1 expectation failed.
Expected status code <200> but was <404>.

	at net.serenitybdd.screenplay.ErrorTally.throwSummaryExceptionFrom(ErrorTally.java:36)
	at net.serenitybdd.screenplay.ErrorTally.reportAnyErrors(ErrorTally.java:30)
	at net.serenitybdd.screenplay.Actor.should(Actor.java:316)
	at com.sofkau.stepdefinitions.EliminarPreguntaStepDefinition.reciboUnDeRespuestaYEliminoLaPregunta(EliminarPreguntaStepDefinition.java:64)
	at ?.recibo un 200 de respuesta y elimino la pregunta(file:///C:/Users/rolin/Sofka%20U/RetoFinalAutomatizaciones/AutomatizacionServicios/src/test/resources/features/eliminarpregunta.feature:10)

java.lang.AssertionError: 1 expectation failed.
Expected status code <200> but was <404>.

	at net.serenitybdd.screenplay.ErrorTally.throwSummaryExceptionFrom(ErrorTally.java:36)
	at net.serenitybdd.screenplay.ErrorTally.reportAnyErrors(ErrorTally.java:30)
	at net.serenitybdd.screenplay.Actor.should(Actor.java:316)
	at com.sofkau.stepdefinitions.EliminarPreguntaStepDefinition.reciboUnDeRespuestaYEliminoLaPregunta(EliminarPreguntaStepDefinition.java:64)
	at ?.recibo un 200 de respuesta y elimino la pregunta(file:///C:/Users/rolin/Sofka%20U/RetoFinalAutomatizaciones/AutomatizacionServicios/src/test/resources/features/eliminarpregunta.feature:10)


]]></system-out>
  <system-err><![CDATA[]]></system-err>
</testsuite>
