<?xml version="1.0" encoding="UTF-8"?>
<testsuite name="com.sofkau.runners.GetIdUserTest" tests="0" skipped="0" failures="0" errors="0" timestamp="1970-01-01T00:00:00" hostname="LAPTOP-7C2GORMF" time="0.0">
  <properties/>
  <system-out><![CDATA[
?[31mFailed scenarios:?[0m
?[31mfile:///C:/Users/rolin/Sofka%20U/RetoFinalAutomatizaciones/AutomatizacionServicios/src/test/resources/features/getuserid.feature:13?[0m# Peticion exitosa
?[31mfile:///C:/Users/rolin/Sofka%20U/RetoFinalAutomatizaciones/AutomatizacionServicios/src/test/resources/features/getuserid.feature:14?[0m# Peticion exitosa
?[31mfile:///C:/Users/rolin/Sofka%20U/RetoFinalAutomatizaciones/AutomatizacionServicios/src/test/resources/features/getuserid.feature:15?[0m# Peticion exitosa

6 Scenarios (?[31m3 failed?[0m, ?[32m3 passed?[0m)
18 Steps (?[31m3 failed?[0m, ?[32m15 passed?[0m)
0m3,334s


java.lang.AssertionError: 
Expected: "Efrain"
     but: was "Bruno 2"

Expected: "efsolora@gmail.com"
     but: was "bruno.fernandez.r@estudiantes.utec.edu.uy"
	at net.serenitybdd.screenplay.ErrorTally.throwSummaryExceptionFrom(ErrorTally.java:36)
	at net.serenitybdd.screenplay.ErrorTally.reportAnyErrors(ErrorTally.java:30)
	at net.serenitybdd.screenplay.Actor.should(Actor.java:316)
	at com.sofkau.stepdefinitions.GetIdUserStepDefinition.recibo_respuesta_y_la_informacion_del_usuario_y(GetIdUserStepDefinition.java:64)
	at ?.recibo 200 respuesta y la informacion del usuario "Efrain", "efsolora@gmail.com" y "User"(file:///C:/Users/rolin/Sofka%20U/RetoFinalAutomatizaciones/AutomatizacionServicios/src/test/resources/features/getuserid.feature:10)

java.lang.AssertionError: 1 expectation failed.
Expected status code <200> but was <500>.

	at net.serenitybdd.screenplay.ErrorTally.throwSummaryExceptionFrom(ErrorTally.java:36)
	at net.serenitybdd.screenplay.ErrorTally.reportAnyErrors(ErrorTally.java:30)
	at net.serenitybdd.screenplay.Actor.should(Actor.java:316)
	at com.sofkau.stepdefinitions.GetIdUserStepDefinition.recibo_respuesta_y_la_informacion_del_usuario_y(GetIdUserStepDefinition.java:64)
	at ?.recibo 200 respuesta y la informacion del usuario "Andres", "esogaviria@gmail.com.com" y "Admin"(file:///C:/Users/rolin/Sofka%20U/RetoFinalAutomatizaciones/AutomatizacionServicios/src/test/resources/features/getuserid.feature:10)

java.lang.AssertionError: 1 expectation failed.
Expected status code <200> but was <500>.

	at net.serenitybdd.screenplay.ErrorTally.throwSummaryExceptionFrom(ErrorTally.java:36)
	at net.serenitybdd.screenplay.ErrorTally.reportAnyErrors(ErrorTally.java:30)
	at net.serenitybdd.screenplay.Actor.should(Actor.java:316)
	at com.sofkau.stepdefinitions.GetIdUserStepDefinition.recibo_respuesta_y_la_informacion_del_usuario_y(GetIdUserStepDefinition.java:64)
	at ?.recibo 200 respuesta y la informacion del usuario "lisa", "earrieta58@gmail.com.com" y "User"(file:///C:/Users/rolin/Sofka%20U/RetoFinalAutomatizaciones/AutomatizacionServicios/src/test/resources/features/getuserid.feature:10)


]]></system-out>
  <system-err><![CDATA[]]></system-err>
</testsuite>
