<?xml version="1.0" encoding="UTF-8"?>
<testsuite name="Ver informacion de un juego de pokemon" tests="4" skipped="0" failures="1" errors="0" timestamp="2023-04-24T15:54:36" hostname="DESKTOP-1MH7BUO" time="3.588">
  <properties/>
  <testcase name="Ver informacion de un juego de pokemon" classname="Ver informacion de un juego de pokemon" time="2.695"/>
  <testcase name="Ver informacion de un juego de pokemon" classname="Ver informacion de un juego de pokemon" time="0.292"/>
  <testcase name="Ver informacion de un juego de pokemon" classname="Ver informacion de un juego de pokemon" time="0.303"/>
  <testcase name="Ver informacion de un juego de pokemon" classname="Ver informacion de un juego de pokemon" time="0.298">
    <failure message="org.opentest4j.AssertionFailedError" type="org.opentest4j.AssertionFailedError">org.opentest4j.AssertionFailedError
	at app//org.junit.jupiter.api.AssertionUtils.fail(AssertionUtils.java:35)
	at app//org.junit.jupiter.api.Assertions.fail(Assertions.java:98)
	at app//com.sofkau.stepdefinitions.PokeApiStepDefinition.reciboDeCodigoDeRespuestaYLaInformacionDelJuego(PokeApiStepDefinition.java:69)
	at âœ½.recibo 404 de codigo de respuesta y la informacion del juego(file:///C:/Users/Rasta/Desktop/RetoFinalQA/AutomatizacionServicios/src/test/resources/features/VerJuegoPokemon.feature:10)
</failure>
  </testcase>
  <system-out><![CDATA[Request method:	GET
Request URI:	https://pokeapi.co/api/v2/version/1
Proxy:			<none>
Request params:	<none>
Query params:	<none>
Form params:	<none>
Path params:	<none>
Headers:		Accept=*/*
				Content-Type=application/json; charset=UTF-8
Cookies:		<none>
Multiparts:		<none>
Body:			<none>
HTTP/1.1 200 OK
Date: Mon, 24 Apr 2023 15:54:39 GMT
Content-Type: application/json; charset=utf-8
Content-Length: 256
Connection: keep-alive
access-control-allow-origin: *
Cache-Control: public, max-age=86400, s-maxage=86400
Content-Encoding: gzip
etag: W/"394-G4aRbkkTBDiJUido5Gkggvu4nDU"
function-execution-id: zc7tz9mt6nbm
strict-transport-security: max-age=31556926
x-cloud-trace-context: 4bff71ec40de629729addff6908773fe
x-country-code: CA
x-orig-accept-language: es-ES,es;q=0.9
x-powered-by: Express
x-served-by: cache-yyz4582-YYZ
x-cache: HIT
x-cache-hits: 1
x-timer: S1682351632.990635,VS0,VE193
vary: Accept-Encoding,cookie,need-authorization, x-fh-requested-host, accept-encoding
alt-svc: h3=":443"; ma=86400, h3-29=":443"; ma=86400
CF-Cache-Status: HIT
Accept-Ranges: bytes
Report-To: {"endpoints":[{"url":"https:\/\/a.nel.cloudflare.com\/report\/v3?s=6t4WSoz9iAuHjV%2FWdfobiAzVzpannM0qMTcs49wV3lZUsOR1773UyVHSbiRjjs2tWk1PyGfrYTPth98CbxYo%2Fl2vRFJkE0h47nNgo4IvqkLSLcEzzxlmkkDYS%2FNg"}],"group":"cf-nel","max_age":604800}
NEL: {"success_fraction":0,"report_to":"cf-nel","max_age":604800}
Server: cloudflare
CF-RAY: 7bcf86aca9be67e4-MIA

{
    "id": 1,
    "name": "red",
    "names": [
        {
            "language": {
                "name": "ja-Hrkt",
                "url": "https://pokeapi.co/api/v2/language/1/"
            },
            "name": "?"
        },
        {
            "language": {
                "name": "ko",
                "url": "https://pokeapi.co/api/v2/language/3/"
            },
            "name": "??"
        },
        {
            "language": {
                "name": "zh-Hant",
                "url": "https://pokeapi.co/api/v2/language/4/"
            },
            "name": "?"
        },
        {
            "language": {
                "name": "fr",
                "url": "https://pokeapi.co/api/v2/language/5/"
            },
            "name": "Rouge"
        },
        {
            "language": {
                "name": "de",
                "url": "https://pokeapi.co/api/v2/language/6/"
            },
            "name": "Rot"
        },
        {
            "language": {
                "name": "es",
                "url": "https://pokeapi.co/api/v2/language/7/"
            },
            "name": "Rojo"
        },
        {
            "language": {
                "name": "it",
                "url": "https://pokeapi.co/api/v2/language/8/"
            },
            "name": "Rossa"
        },
        {
            "language": {
                "name": "en",
                "url": "https://pokeapi.co/api/v2/language/9/"
            },
            "name": "Red"
        },
        {
            "language": {
                "name": "zh-Hans",
                "url": "https://pokeapi.co/api/v2/language/12/"
            },
            "name": "?"
        }
    ],
    "version_group": {
        "name": "red-blue",
        "url": "https://pokeapi.co/api/v2/version-group/1/"
    }
}
Request method:	GET
Request URI:	https://pokeapi.co/api/v2/version/2
Proxy:			<none>
Request params:	<none>
Query params:	<none>
Form params:	<none>
Path params:	<none>
Headers:		Accept=*/*
				Content-Type=application/json; charset=UTF-8
Cookies:		<none>
Multiparts:		<none>
Body:			<none>
HTTP/1.1 200 OK
Date: Mon, 24 Apr 2023 15:54:39 GMT
Content-Type: application/json; charset=utf-8
Transfer-Encoding: chunked
Connection: keep-alive
access-control-allow-origin: *
Cache-Control: public, max-age=86400, s-maxage=86400
etag: W/"394-he5YHzgBajN8evt7FSI1dn2U7yw"
function-execution-id: ksxv81koa8t7
strict-transport-security: max-age=31556926
x-cloud-trace-context: 7888d50346fb6a17993df99ff3cb975f;o=1
x-country-code: CA
x-powered-by: Express
x-served-by: cache-yyz4547-YYZ
x-cache: HIT
x-cache-hits: 1
x-timer: S1682351633.664359,VS0,VE1
vary: Accept-Encoding,cookie,need-authorization, x-fh-requested-host, accept-encoding
alt-svc: h3=":443"; ma=86400, h3-29=":443"; ma=86400
CF-Cache-Status: HIT
Report-To: {"endpoints":[{"url":"https:\/\/a.nel.cloudflare.com\/report\/v3?s=dcLJ%2F2KFmOUWwnr%2F1UYuE91%2BjZPdPtNr4VwjolvqIKRZ4ZMsZ9Ruw6d%2ByhdKe11KzP0U5H4HT4H2UIEs62hSJH5DDAaY7IG6vpm0h0jMImOsmztT5z23jinRu%2BvC"}],"group":"cf-nel","max_age":604800}
NEL: {"success_fraction":0,"report_to":"cf-nel","max_age":604800}
Server: cloudflare
CF-RAY: 7bcf86af8c2eda0b-MIA
Content-Encoding: gzip

{
    "id": 2,
    "name": "blue",
    "names": [
        {
            "language": {
                "name": "ja-Hrkt",
                "url": "https://pokeapi.co/api/v2/language/1/"
            },
            "name": "?"
        },
        {
            "language": {
                "name": "ko",
                "url": "https://pokeapi.co/api/v2/language/3/"
            },
            "name": "??"
        },
        {
            "language": {
                "name": "zh-Hant",
                "url": "https://pokeapi.co/api/v2/language/4/"
            },
            "name": "?"
        },
        {
            "language": {
                "name": "fr",
                "url": "https://pokeapi.co/api/v2/language/5/"
            },
            "name": "Bleu"
        },
        {
            "language": {
                "name": "de",
                "url": "https://pokeapi.co/api/v2/language/6/"
            },
            "name": "Blau"
        },
        {
            "language": {
                "name": "es",
                "url": "https://pokeapi.co/api/v2/language/7/"
            },
            "name": "Azul"
        },
        {
            "language": {
                "name": "it",
                "url": "https://pokeapi.co/api/v2/language/8/"
            },
            "name": "Blu"
        },
        {
            "language": {
                "name": "en",
                "url": "https://pokeapi.co/api/v2/language/9/"
            },
            "name": "Blue"
        },
        {
            "language": {
                "name": "zh-Hans",
                "url": "https://pokeapi.co/api/v2/language/12/"
            },
            "name": "?"
        }
    ],
    "version_group": {
        "name": "red-blue",
        "url": "https://pokeapi.co/api/v2/version-group/1/"
    }
}
Request method:	GET
Request URI:	https://pokeapi.co/api/v2/version/3
Proxy:			<none>
Request params:	<none>
Query params:	<none>
Form params:	<none>
Path params:	<none>
Headers:		Accept=*/*
				Content-Type=application/json; charset=UTF-8
Cookies:		<none>
Multiparts:		<none>
Body:			<none>
HTTP/1.1 200 OK
Date: Mon, 24 Apr 2023 15:54:40 GMT
Content-Type: application/json; charset=utf-8
Content-Length: 297
Connection: keep-alive
access-control-allow-origin: *
Cache-Control: public, max-age=86400, s-maxage=86400
Content-Encoding: gzip
etag: W/"3b9-iX974yteIDtgFxJ0mfOb8RzKyu0"
function-execution-id: 6fpg68fxnrjc
strict-transport-security: max-age=31556926
x-cloud-trace-context: 7743f0e1fc0d6d5a82912b41836d561e;o=1
x-country-code: CA
x-orig-accept-language: en
x-powered-by: Express
x-served-by: cache-yyz4527-YYZ
x-cache: HIT
x-cache-hits: 1
x-timer: S1682351633.991719,VS0,VE1
vary: Accept-Encoding,cookie,need-authorization, x-fh-requested-host, accept-encoding
alt-svc: h3=":443"; ma=86400, h3-29=":443"; ma=86400
CF-Cache-Status: HIT
Accept-Ranges: bytes
Report-To: {"endpoints":[{"url":"https:\/\/a.nel.cloudflare.com\/report\/v3?s=DjPKC9mK0fxpkpv2f9c1QWqQdSla0JLnmyF0xlBXNSIci4zDv45GuZh56sNSBUML%2FTQVxohouNQr2gET4vRV5GLShs2TKcDGGm0dDO6FmdTqczqJuU2abUhANi3j"}],"group":"cf-nel","max_age":604800}
NEL: {"success_fraction":0,"report_to":"cf-nel","max_age":604800}
Server: cloudflare
CF-RAY: 7bcf86b17e94335e-MIA

{
    "id": 3,
    "name": "yellow",
    "names": [
        {
            "language": {
                "name": "ja-Hrkt",
                "url": "https://pokeapi.co/api/v2/language/1/"
            },
            "name": "?????"
        },
        {
            "language": {
                "name": "ko",
                "url": "https://pokeapi.co/api/v2/language/3/"
            },
            "name": "???"
        },
        {
            "language": {
                "name": "zh-Hant",
                "url": "https://pokeapi.co/api/v2/language/4/"
            },
            "name": "???"
        },
        {
            "language": {
                "name": "fr",
                "url": "https://pokeapi.co/api/v2/language/5/"
            },
            "name": "Jaune"
        },
        {
            "language": {
                "name": "de",
                "url": "https://pokeapi.co/api/v2/language/6/"
            },
            "name": "Gelb"
        },
        {
            "language": {
                "name": "es",
                "url": "https://pokeapi.co/api/v2/language/7/"
            },
            "name": "Amarillo"
        },
        {
            "language": {
                "name": "it",
                "url": "https://pokeapi.co/api/v2/language/8/"
            },
            "name": "Gialla"
        },
        {
            "language": {
                "name": "en",
                "url": "https://pokeapi.co/api/v2/language/9/"
            },
            "name": "Yellow"
        },
        {
            "language": {
                "name": "zh-Hans",
                "url": "https://pokeapi.co/api/v2/language/12/"
            },
            "name": "???"
        }
    ],
    "version_group": {
        "name": "yellow",
        "url": "https://pokeapi.co/api/v2/version-group/2/"
    }
}
Request method:	GET
Request URI:	https://pokeapi.co/api/v2/version/200
Proxy:			<none>
Request params:	<none>
Query params:	<none>
Form params:	<none>
Path params:	<none>
Headers:		Accept=*/*
				Content-Type=application/json; charset=UTF-8
Cookies:		<none>
Multiparts:		<none>
Body:			<none>
HTTP/1.1 404 Not Found
Date: Mon, 24 Apr 2023 15:54:40 GMT
Content-Type: text/plain; charset=utf-8
Content-Length: 9
Connection: keep-alive
access-control-allow-origin: *
Cache-Control: public, max-age=3600, s-maxage=3600
etag: W/"9-0gXL1ngzMqISxa6S1zx3F4wtLyg"
function-execution-id: 3t9jfk0vfqe1
x-cloud-trace-context: e1fb48329316d2f75922ff0ba93a794a;o=1
x-powered-by: Express
fastly-restarts: 1
x-served-by: cache-yyz4564-YYZ
x-cache: MISS
x-cache-hits: 0
x-timer: S1682351633.335079,VS0,VE1311
vary: Accept-Encoding, x-fh-requested-host, accept-encoding
alt-svc: h3=":443"; ma=86400, h3-29=":443"; ma=86400
CF-Cache-Status: HIT
Report-To: {"endpoints":[{"url":"https:\/\/a.nel.cloudflare.com\/report\/v3?s=2W7eXGpZ%2ByLainpaISHe9WXYZweIv3SdjNBC3f%2Btdo6u1VE1xuv9f1HVjZIUI4SpcxPqkOULZVggswHG9yi%2ByKTRL%2F2ob7fRzrazfEz1FJ7V3HTJa8Jy4mCQhCt1"}],"group":"cf-nel","max_age":604800}
NEL: {"success_fraction":0,"report_to":"cf-nel","max_age":604800}
Server: cloudflare
CF-RAY: 7bcf86b32dc38da3-MIA

Not Found
]]></system-out>
  <system-err><![CDATA[abr. 24, 2023 10:54:36 A. M. com.sofkau.stepdefinitions.PokeApiStepDefinition queEstoyApuntandoConUnEndpointALaPokeapi
INFORMACIÃ“N: Inicio de la automatizacion
abr. 24, 2023 10:54:38 A. M. com.sofkau.stepdefinitions.PokeApiStepDefinition reciboDeCodigoDeRespuestaYLaInformacionDelJuego
INFORMACIÃ“N: Se finaliza el step de la pokeApi
abr. 24, 2023 10:54:38 A. M. com.sofkau.stepdefinitions.PokeApiStepDefinition queEstoyApuntandoConUnEndpointALaPokeapi
INFORMACIÃ“N: Inicio de la automatizacion
abr. 24, 2023 10:54:39 A. M. com.sofkau.stepdefinitions.PokeApiStepDefinition reciboDeCodigoDeRespuestaYLaInformacionDelJuego
INFORMACIÃ“N: Se finaliza el step de la pokeApi
abr. 24, 2023 10:54:39 A. M. com.sofkau.stepdefinitions.PokeApiStepDefinition queEstoyApuntandoConUnEndpointALaPokeapi
INFORMACIÃ“N: Inicio de la automatizacion
abr. 24, 2023 10:54:39 A. M. com.sofkau.stepdefinitions.PokeApiStepDefinition reciboDeCodigoDeRespuestaYLaInformacionDelJuego
INFORMACIÃ“N: Se finaliza el step de la pokeApi
abr. 24, 2023 10:54:39 A. M. com.sofkau.stepdefinitions.PokeApiStepDefinition queEstoyApuntandoConUnEndpointALaPokeapi
INFORMACIÃ“N: Inicio de la automatizacion
abr. 24, 2023 10:54:39 A. M. com.sofkau.stepdefinitions.PokeApiStepDefinition reciboDeCodigoDeRespuestaYLaInformacionDelJuego
ADVERTENCIA: null
]]></system-err>
</testsuite>
