<?xml version="1.0" encoding="UTF-8"?>
<testsuite name="com.sofkau.runners.PokeApiTest" tests="0" skipped="0" failures="0" errors="0" timestamp="1970-01-01T00:00:00" hostname="DESKTOP-1MH7BUO" time="0.0">
  <properties/>
  <system-out><![CDATA[
?[31mFailed scenarios:?[0m
?[31mfile:///C:/Users/Rasta/Desktop/RetoFinalQA/AutomatizacionServicios/src/test/resources/features/VerJuegoPokemon.feature:16?[0m# Ver informacion de un juego de pokemon

4 Scenarios (?[31m1 failed?[0m, ?[32m3 passed?[0m)
12 Steps (?[31m1 failed?[0m, ?[32m11 passed?[0m)
0m3,771s


org.opentest4j.AssertionFailedError
	at org.junit.jupiter.api.AssertionUtils.fail(AssertionUtils.java:35)
	at org.junit.jupiter.api.Assertions.fail(Assertions.java:98)
	at com.sofkau.stepdefinitions.PokeApiStepDefinition.reciboDeCodigoDeRespuestaYLaInformacionDelJuego(PokeApiStepDefinition.java:69)
	at ?.recibo 404 de codigo de respuesta y la informacion del juego(file:///C:/Users/Rasta/Desktop/RetoFinalQA/AutomatizacionServicios/src/test/resources/features/VerJuegoPokemon.feature:10)


]]></system-out>
  <system-err><![CDATA[SLF4J: Failed to load class "org.slf4j.impl.StaticLoggerBinder".
SLF4J: Defaulting to no-operation (NOP) logger implementation
SLF4J: See http://www.slf4j.org/codes.html#StaticLoggerBinder for further details.
]]></system-err>
</testsuite>
