<?xml version="1.0" encoding="UTF-8"?>
<testsuite name="Modificar informacion de un usuarios en la base de datos" tests="4" skipped="0" failures="4" errors="0" timestamp="2023-04-26T15:25:45" hostname="LAPTOP-7C2GORMF" time="2.574">
  <properties/>
  <testcase name="Peticion exitosa" classname="Modificar informacion de un usuarios en la base de datos" time="0.744">
    <failure message="java.lang.AssertionError: 1 expectation failed.&#10;JSON path mail doesn't match.&#10;Expected: esogaviria@gmail.com&#10;  Actual: null&#10;" type="java.lang.AssertionError">java.lang.AssertionError: 1 expectation failed.
JSON path mail doesn't match.
Expected: esogaviria@gmail.com
  Actual: null

	at net.serenitybdd.screenplay.ErrorTally.throwSummaryExceptionFrom(ErrorTally.java:36)
	at net.serenitybdd.screenplay.ErrorTally.reportAnyErrors(ErrorTally.java:30)
	at net.serenitybdd.screenplay.Actor.should(Actor.java:316)
	at com.sofkau.stepdefinitions.PutUserStepDefinition.recibo_como_respuesta(PutUserStepDefinition.java:59)
	at ✽.recibo 200 como respuesta(file:///C:/Users/rolin/Sofka%20U/RetoFinalAutomatizaciones/AutomatizacionServicios/src/test/resources/features/putuser.feature:10)
</failure>
  </testcase>
  <testcase name="Peticion exitosa" classname="Modificar informacion de un usuarios en la base de datos" time="0.603">
    <failure message="java.lang.AssertionError: 1 expectation failed.&#10;JSON path fullName doesn't match.&#10;Expected: Efrains&#10;  Actual: Efrain&#10;" type="java.lang.AssertionError">java.lang.AssertionError: 1 expectation failed.
JSON path fullName doesn't match.
Expected: Efrains
  Actual: Efrain

	at net.serenitybdd.screenplay.ErrorTally.throwSummaryExceptionFrom(ErrorTally.java:36)
	at net.serenitybdd.screenplay.ErrorTally.reportAnyErrors(ErrorTally.java:30)
	at net.serenitybdd.screenplay.Actor.should(Actor.java:316)
	at com.sofkau.stepdefinitions.PutUserStepDefinition.recibo_como_respuesta(PutUserStepDefinition.java:59)
	at ✽.recibo 200 como respuesta(file:///C:/Users/rolin/Sofka%20U/RetoFinalAutomatizaciones/AutomatizacionServicios/src/test/resources/features/putuser.feature:10)
</failure>
  </testcase>
  <testcase name="Peticion exitosa" classname="Modificar informacion de un usuarios en la base de datos" time="0.6">
    <failure message="java.lang.AssertionError: 1 expectation failed.&#10;JSON path fullName doesn't match.&#10;Expected: laura&#10;  Actual: lisa&#10;" type="java.lang.AssertionError">java.lang.AssertionError: 1 expectation failed.
JSON path fullName doesn't match.
Expected: laura
  Actual: lisa

	at net.serenitybdd.screenplay.ErrorTally.throwSummaryExceptionFrom(ErrorTally.java:36)
	at net.serenitybdd.screenplay.ErrorTally.reportAnyErrors(ErrorTally.java:30)
	at net.serenitybdd.screenplay.Actor.should(Actor.java:316)
	at com.sofkau.stepdefinitions.PutUserStepDefinition.recibo_como_respuesta(PutUserStepDefinition.java:59)
	at ✽.recibo 200 como respuesta(file:///C:/Users/rolin/Sofka%20U/RetoFinalAutomatizaciones/AutomatizacionServicios/src/test/resources/features/putuser.feature:10)
</failure>
  </testcase>
  <testcase name="Peticion exitosa" classname="Modificar informacion de un usuarios en la base de datos" time="0.627">
    <failure message="java.lang.AssertionError: 1 expectation failed.&#10;JSON path fullName doesn't match.&#10;Expected: laura&#10;  Actual: lisa&#10;" type="java.lang.AssertionError">java.lang.AssertionError: 1 expectation failed.
JSON path fullName doesn't match.
Expected: laura
  Actual: lisa

	at net.serenitybdd.screenplay.ErrorTally.throwSummaryExceptionFrom(ErrorTally.java:36)
	at net.serenitybdd.screenplay.ErrorTally.reportAnyErrors(ErrorTally.java:30)
	at net.serenitybdd.screenplay.Actor.should(Actor.java:316)
	at com.sofkau.stepdefinitions.PutUserStepDefinition.recibo_como_respuesta(PutUserStepDefinition.java:59)
	at ✽.recibo 200 como respuesta(file:///C:/Users/rolin/Sofka%20U/RetoFinalAutomatizaciones/AutomatizacionServicios/src/test/resources/features/putuser.feature:10)
</failure>
  </testcase>
  <system-out><![CDATA[Request method:	PUT
Request URI:	https://reto-q-backend-production.up.railway.app/user/updateUser/64481f6cfbc80a45d9c97945
Proxy:			<none>
Request params:	<none>
Query params:	<none>
Form params:	<none>
Path params:	<none>
Headers:		Accept=*/*
				Content-Type=application/json; charset=UTF-8
Cookies:		<none>
Multiparts:		<none>
Body:
{
    "fullName": "Andres",
    "email": "esogaviria@gmail.com",
    "level": "3",
    "available": true,
    "values": "true",
    "role": "User"
}
HTTP/1.1 200 OK
x-powered-by: Express
access-control-allow-origin: *
content-type: application/json; charset=utf-8
content-length: 100
etag: W/"64-ZgS3SnSDApe5gFz99LegpQBiacw"
date: Wed, 26 Apr 2023 15:25:46 GMT
server: railway

{
    "fullName": "Andres",
    "email": "esogaviria@gmail.com.com",
    "role": "Admin",
    "level": "3",
    "available": true
}
Request method:	PUT
Request URI:	https://reto-q-backend-production.up.railway.app/user/updateUser/6448009e290ed9efcf934420
Proxy:			<none>
Request params:	<none>
Query params:	<none>
Form params:	<none>
Path params:	<none>
Headers:		Accept=*/*
				Content-Type=application/json; charset=UTF-8
Cookies:		<none>
Multiparts:		<none>
Body:
{
    "fullName": "Efrains",
    "email": "efsolora@gmail.com",
    "level": "2",
    "available": true,
    "values": "true",
    "role": "User"
}
HTTP/1.1 200 OK
x-powered-by: Express
access-control-allow-origin: *
content-type: application/json; charset=utf-8
content-length: 93
etag: W/"5d-aCIDk+MVHhHB4tf9uhUVs/bUgNc"
date: Wed, 26 Apr 2023 15:25:46 GMT
server: railway

{
    "fullName": "Efrain",
    "email": "efsolora@gmail.com",
    "role": "User",
    "level": "2",
    "available": true
}
Request method:	PUT
Request URI:	https://reto-q-backend-production.up.railway.app/user/updateUser/64483a9bfbc80a45d9c97a4a
Proxy:			<none>
Request params:	<none>
Query params:	<none>
Form params:	<none>
Path params:	<none>
Headers:		Accept=*/*
				Content-Type=application/json; charset=UTF-8
Cookies:		<none>
Multiparts:		<none>
Body:
{
    "fullName": "laura",
    "email": "earrieta5928@gmail.com",
    "level": "3",
    "available": true,
    "values": "true",
    "role": "Admin"
}
HTTP/1.1 200 OK
x-powered-by: Express
access-control-allow-origin: *
content-type: application/json; charset=utf-8
content-length: 97
etag: W/"61-UcZkV5mtj1EwuYZC3omMntL9l8E"
date: Wed, 26 Apr 2023 15:25:47 GMT
server: railway

{
    "fullName": "lisa",
    "email": "earrieta58@gmail.com.com",
    "role": "User",
    "level": "3",
    "available": true
}
Request method:	PUT
Request URI:	https://reto-q-backend-production.up.railway.app/user/updateUser/64483a9bfbc80a45d9c97a4a
Proxy:			<none>
Request params:	<none>
Query params:	<none>
Form params:	<none>
Path params:	<none>
Headers:		Accept=*/*
				Content-Type=application/json; charset=UTF-8
Cookies:		<none>
Multiparts:		<none>
Body:
{
    "fullName": "laura",
    "email": "earrieta5928@gmail.com",
    "level": "3",
    "available": true,
    "values": "true",
    "role": "User"
}
HTTP/1.1 200 OK
x-powered-by: Express
access-control-allow-origin: *
content-type: application/json; charset=utf-8
content-length: 97
etag: W/"61-UcZkV5mtj1EwuYZC3omMntL9l8E"
date: Wed, 26 Apr 2023 15:25:47 GMT
server: railway

{
    "fullName": "lisa",
    "email": "earrieta58@gmail.com.com",
    "role": "User",
    "level": "3",
    "available": true
}
]]></system-out>
  <system-err><![CDATA[abr. 26, 2023 10:25:45 A. M. com.sofkau.stepdefinitions.PutUserStepDefinition que_estoy_en_el_API_Reto_Q
INFO: INICIA LA AUTOMATIZACION
abr. 26, 2023 10:25:46 A. M. com.sofkau.stepdefinitions.PutUserStepDefinition envio_la_peticion_put_con_el_del_usuario_con_los_datos
INFO: Realiza la peticion
abr. 26, 2023 10:25:46 A. M. com.sofkau.stepdefinitions.PutUserStepDefinition que_estoy_en_el_API_Reto_Q
INFO: INICIA LA AUTOMATIZACION
abr. 26, 2023 10:25:46 A. M. com.sofkau.stepdefinitions.PutUserStepDefinition envio_la_peticion_put_con_el_del_usuario_con_los_datos
INFO: Realiza la peticion
abr. 26, 2023 10:25:46 A. M. com.sofkau.stepdefinitions.PutUserStepDefinition que_estoy_en_el_API_Reto_Q
INFO: INICIA LA AUTOMATIZACION
abr. 26, 2023 10:25:47 A. M. com.sofkau.stepdefinitions.PutUserStepDefinition envio_la_peticion_put_con_el_del_usuario_con_los_datos
INFO: Realiza la peticion
abr. 26, 2023 10:25:47 A. M. com.sofkau.stepdefinitions.PutUserStepDefinition que_estoy_en_el_API_Reto_Q
INFO: INICIA LA AUTOMATIZACION
abr. 26, 2023 10:25:48 A. M. com.sofkau.stepdefinitions.PutUserStepDefinition envio_la_peticion_put_con_el_del_usuario_con_los_datos
INFO: Realiza la peticion
]]></system-err>
</testsuite>
