<?xml version="1.0" encoding="UTF-8"?>
<testsuite name="Crear usuario ne la base de datos" tests="12" skipped="0" failures="4" errors="0" timestamp="2023-04-26T15:25:37" hostname="LAPTOP-7C2GORMF" time="7.627">
  <properties/>
  <testcase name="Peticion exitosa" classname="Crear usuario ne la base de datos" time="1.475">
    <failure message="java.lang.AssertionError: 1 expectation failed.&#10;Expected status code &lt;201&gt; but was &lt;500&gt;.&#10;" type="java.lang.AssertionError">java.lang.AssertionError: 1 expectation failed.
Expected status code &lt;201&gt; but was &lt;500&gt;.

	at net.serenitybdd.screenplay.ErrorTally.throwSummaryExceptionFrom(ErrorTally.java:36)
	at net.serenitybdd.screenplay.ErrorTally.reportAnyErrors(ErrorTally.java:30)
	at net.serenitybdd.screenplay.Actor.should(Actor.java:316)
	at com.sofkau.stepdefinitions.PostUserStepDefinition.recibo_y_la_informacion_del_usuario_creado(PostUserStepDefinition.java:56)
	at ✽.recibo 201 y la informacion del usuario creado(file:///C:/Users/rolin/Sofka%20U/RetoFinalAutomatizaciones/AutomatizacionServicios/src/test/resources/features/postuser.feature:9)
</failure>
  </testcase>
  <testcase name="Peticion exitosa" classname="Crear usuario ne la base de datos" time="1.128">
    <failure message="java.lang.AssertionError: 1 expectation failed.&#10;JSON path fullName doesn't match.&#10;Expected: juan&#10;  Actual: null&#10;" type="java.lang.AssertionError">java.lang.AssertionError: 1 expectation failed.
JSON path fullName doesn't match.
Expected: juan
  Actual: null

	at net.serenitybdd.screenplay.ErrorTally.throwSummaryExceptionFrom(ErrorTally.java:36)
	at net.serenitybdd.screenplay.ErrorTally.reportAnyErrors(ErrorTally.java:30)
	at net.serenitybdd.screenplay.Actor.should(Actor.java:316)
	at com.sofkau.stepdefinitions.PostUserStepDefinition.recibo_y_la_informacion_del_usuario_creado(PostUserStepDefinition.java:56)
	at ✽.recibo 500 y la informacion del usuario creado(file:///C:/Users/rolin/Sofka%20U/RetoFinalAutomatizaciones/AutomatizacionServicios/src/test/resources/features/postuser.feature:9)
</failure>
  </testcase>
  <testcase name="Peticion exitosa" classname="Crear usuario ne la base de datos" time="0.599">
    <failure message="java.lang.AssertionError: 1 expectation failed.&#10;Expected status code &lt;201&gt; but was &lt;500&gt;.&#10;" type="java.lang.AssertionError">java.lang.AssertionError: 1 expectation failed.
Expected status code &lt;201&gt; but was &lt;500&gt;.

	at net.serenitybdd.screenplay.ErrorTally.throwSummaryExceptionFrom(ErrorTally.java:36)
	at net.serenitybdd.screenplay.ErrorTally.reportAnyErrors(ErrorTally.java:30)
	at net.serenitybdd.screenplay.Actor.should(Actor.java:316)
	at com.sofkau.stepdefinitions.PostUserStepDefinition.recibo_y_la_informacion_del_usuario_creado(PostUserStepDefinition.java:56)
	at ✽.recibo 201 y la informacion del usuario creado(file:///C:/Users/rolin/Sofka%20U/RetoFinalAutomatizaciones/AutomatizacionServicios/src/test/resources/features/postuser.feature:9)
</failure>
  </testcase>
  <testcase name="Peticion fallida" classname="Crear usuario ne la base de datos" time="0.484"/>
  <testcase name="Peticion fallida" classname="Crear usuario ne la base de datos" time="0.483"/>
  <testcase name="Peticion fallida" classname="Crear usuario ne la base de datos" time="0.457"/>
  <testcase name="Peticion fallida" classname="Crear usuario ne la base de datos" time="0.605">
    <failure message="java.lang.AssertionError: 1 expectation failed.&#10;Expected status code &lt;400&gt; but was &lt;500&gt;.&#10;" type="java.lang.AssertionError">java.lang.AssertionError: 1 expectation failed.
Expected status code &lt;400&gt; but was &lt;500&gt;.

	at net.serenitybdd.screenplay.ErrorTally.throwSummaryExceptionFrom(ErrorTally.java:36)
	at net.serenitybdd.screenplay.ErrorTally.reportAnyErrors(ErrorTally.java:30)
	at net.serenitybdd.screenplay.Actor.should(Actor.java:316)
	at com.sofkau.stepdefinitions.PostUserStepDefinition.recibo(PostUserStepDefinition.java:112)
	at ✽.recibo 400(file:///C:/Users/rolin/Sofka%20U/RetoFinalAutomatizaciones/AutomatizacionServicios/src/test/resources/features/postuser.feature:20)
</failure>
  </testcase>
  <testcase name="Peticion fallida" classname="Crear usuario ne la base de datos" time="0.456"/>
  <testcase name="Peticion fallida" classname="Crear usuario ne la base de datos" time="0.452"/>
  <testcase name="Peticion fallida" classname="Crear usuario ne la base de datos" time="0.505"/>
  <testcase name="Peticion fallida" classname="Crear usuario ne la base de datos" time="0.482"/>
  <testcase name="Peticion fallida" classname="Crear usuario ne la base de datos" time="0.498"/>
  <system-out><![CDATA[Request method:	POST
Request URI:	https://reto-q-backend-production.up.railway.app/user/registerUser
Proxy:			<none>
Request params:	<none>
Query params:	<none>
Form params:	<none>
Path params:	<none>
Headers:		Accept=*/*
				Content-Type=application/json; charset=UTF-8
Cookies:		<none>
Multiparts:		<none>
Body:
{
    "fullName": "juan",
    "email": "juanes123@gmail.com",
    "level": "2",
    "available": true,
    "values": "true",
    "role": "User"
}
HTTP/1.1 500 Internal Server Error
x-powered-by: Express
access-control-allow-origin: *
content-type: application/json; charset=utf-8
content-length: 181
etag: W/"b5-DktuqUCt7sbiuicH5oEc9+SSRPA"
date: Wed, 26 Apr 2023 15:25:38 GMT
server: railway

{
    "statusCode": 500,
    "message": "Conflict while creating user",
    "details": "E11000 duplicate key error collection: reto_q.user index: email_1 dup key: { email: \"juanes123@gmail.com\" }"
}
Request method:	POST
Request URI:	https://reto-q-backend-production.up.railway.app/user/registerUser
Proxy:			<none>
Request params:	<none>
Query params:	<none>
Form params:	<none>
Path params:	<none>
Headers:		Accept=*/*
				Content-Type=application/json; charset=UTF-8
Cookies:		<none>
Multiparts:		<none>
Body:
{
    "fullName": "juan",
    "email": "juan123@gmail.com",
    "level": "2",
    "available": true,
    "values": "true",
    "role": "User"
}
HTTP/1.1 500 Internal Server Error
x-powered-by: Express
access-control-allow-origin: *
content-type: application/json; charset=utf-8
content-length: 179
etag: W/"b3-ASTLzb4FbBTGKJJImRq+XdOoh+c"
date: Wed, 26 Apr 2023 15:25:39 GMT
server: railway

{
    "statusCode": 500,
    "message": "Conflict while creating user",
    "details": "E11000 duplicate key error collection: reto_q.user index: email_1 dup key: { email: \"juan123@gmail.com\" }"
}
Request method:	POST
Request URI:	https://reto-q-backend-production.up.railway.app/user/registerUser
Proxy:			<none>
Request params:	<none>
Query params:	<none>
Form params:	<none>
Path params:	<none>
Headers:		Accept=*/*
				Content-Type=application/json; charset=UTF-8
Cookies:		<none>
Multiparts:		<none>
Body:
{
    "fullName": "laura",
    "email": "laurita234@gmail.com",
    "level": "3",
    "available": true,
    "values": "true",
    "role": "Admin"
}
HTTP/1.1 500 Internal Server Error
x-powered-by: Express
access-control-allow-origin: *
content-type: application/json; charset=utf-8
content-length: 182
etag: W/"b6-nBz2Fs2O5iOwEoId+vBKPSqQPUU"
date: Wed, 26 Apr 2023 15:25:40 GMT
server: railway

{
    "statusCode": 500,
    "message": "Conflict while creating user",
    "details": "E11000 duplicate key error collection: reto_q.user index: email_1 dup key: { email: \"laurita234@gmail.com\" }"
}
Request method:	POST
Request URI:	https://reto-q-backend-production.up.railway.app/user/registerUser
Proxy:			<none>
Request params:	<none>
Query params:	<none>
Form params:	<none>
Path params:	<none>
Headers:		Accept=*/*
				Content-Type=application/json; charset=UTF-8
Cookies:		<none>
Multiparts:		<none>
Body:
{
    "fullName": "",
    "email": "cristian1234@gmail.com",
    "level": "2",
    "available": true,
    "values": "true",
    "role": "User"
}
HTTP/1.1 400 Bad Request
x-powered-by: Express
access-control-allow-origin: *
content-type: application/json; charset=utf-8
content-length: 83
etag: W/"53-brbEEBRQd8TfLOR+M/d0yZRlgNw"
date: Wed, 26 Apr 2023 15:25:41 GMT
server: railway

{
    "statusCode": 400,
    "message": [
        "fullName should not be empty"
    ],
    "error": "Bad Request"
}
Request method:	POST
Request URI:	https://reto-q-backend-production.up.railway.app/user/registerUser
Proxy:			<none>
Request params:	<none>
Query params:	<none>
Form params:	<none>
Path params:	<none>
Headers:		Accept=*/*
				Content-Type=application/json; charset=UTF-8
Cookies:		<none>
Multiparts:		<none>
Body:
{
    "fullName": "Cristian",
    "email": "",
    "level": "2",
    "available": true,
    "values": "true",
    "role": "User"
}
HTTP/1.1 400 Bad Request
x-powered-by: Express
access-control-allow-origin: *
content-type: application/json; charset=utf-8
content-length: 105
etag: W/"69-biq+76bIVkONXDNDY376X+7fW7w"
date: Wed, 26 Apr 2023 15:25:41 GMT
server: railway

{
    "statusCode": 400,
    "message": [
        "email must be an email",
        "email should not be empty"
    ],
    "error": "Bad Request"
}
Request method:	POST
Request URI:	https://reto-q-backend-production.up.railway.app/user/registerUser
Proxy:			<none>
Request params:	<none>
Query params:	<none>
Form params:	<none>
Path params:	<none>
Headers:		Accept=*/*
				Content-Type=application/json; charset=UTF-8
Cookies:		<none>
Multiparts:		<none>
Body:
{
    "fullName": "Cristian",
    "email": "@gmail.com",
    "level": "5",
    "available": true,
    "values": "true",
    "role": "User"
}
HTTP/1.1 400 Bad Request
x-powered-by: Express
access-control-allow-origin: *
content-type: application/json; charset=utf-8
content-length: 130
etag: W/"82-DlLg0SL7P1RbAS8ZW4Hk/bNhXjk"
date: Wed, 26 Apr 2023 15:25:42 GMT
server: railway

{
    "statusCode": 400,
    "message": [
        "email must be an email",
        "level must be one of the following values: 1, 2, 3"
    ],
    "error": "Bad Request"
}
Request method:	POST
Request URI:	https://reto-q-backend-production.up.railway.app/user/registerUser
Proxy:			<none>
Request params:	<none>
Query params:	<none>
Form params:	<none>
Path params:	<none>
Headers:		Accept=*/*
				Content-Type=application/json; charset=UTF-8
Cookies:		<none>
Multiparts:		<none>
Body:
{
    "fullName": "Cristian",
    "email": "12556@gmail.com",
    "level": "2",
    "available": true,
    "values": "",
    "role": "User"
}
HTTP/1.1 500 Internal Server Error
x-powered-by: Express
access-control-allow-origin: *
content-type: application/json; charset=utf-8
content-length: 177
etag: W/"b1-TCNMaVnDJ4hkWRI1z2bNX4MBJGA"
date: Wed, 26 Apr 2023 15:25:42 GMT
server: railway

{
    "statusCode": 500,
    "message": "Conflict while creating user",
    "details": "E11000 duplicate key error collection: reto_q.user index: email_1 dup key: { email: \"12556@gmail.com\" }"
}
Request method:	POST
Request URI:	https://reto-q-backend-production.up.railway.app/user/registerUser
Proxy:			<none>
Request params:	<none>
Query params:	<none>
Form params:	<none>
Path params:	<none>
Headers:		Accept=*/*
				Content-Type=application/json; charset=UTF-8
Cookies:		<none>
Multiparts:		<none>
Body:
{
    "fullName": "Cristian",
    "email": "cristian34556@.com",
    "level": "2",
    "available": true,
    "values": "false",
    "role": ""
}
HTTP/1.1 400 Bad Request
x-powered-by: Express
access-control-allow-origin: *
content-type: application/json; charset=utf-8
content-length: 160
etag: W/"a0-9+SZFZiZYgsxRvK/Vtk5y7s8RKE"
date: Wed, 26 Apr 2023 15:25:43 GMT
server: railway

{
    "statusCode": 400,
    "message": [
        "email must be an email",
        "role must be one of the following values: User, Admin",
        "role should not be empty"
    ],
    "error": "Bad Request"
}
Request method:	POST
Request URI:	https://reto-q-backend-production.up.railway.app/user/registerUser
Proxy:			<none>
Request params:	<none>
Query params:	<none>
Form params:	<none>
Path params:	<none>
Headers:		Accept=*/*
				Content-Type=application/json; charset=UTF-8
Cookies:		<none>
Multiparts:		<none>
Body:
{
    "fullName": "343243242",
    "email": "cristi234556@",
    "level": "2",
    "available": false,
    "values": "true",
    "role": "Admin"
}
HTTP/1.1 400 Bad Request
x-powered-by: Express
access-control-allow-origin: *
content-type: application/json; charset=utf-8
content-length: 77
etag: W/"4d-jYTTf+uHDpur+UVxEWx/0ijBEQ0"
date: Wed, 26 Apr 2023 15:25:43 GMT
server: railway

{
    "statusCode": 400,
    "message": [
        "email must be an email"
    ],
    "error": "Bad Request"
}
Request method:	POST
Request URI:	https://reto-q-backend-production.up.railway.app/user/registerUser
Proxy:			<none>
Request params:	<none>
Query params:	<none>
Form params:	<none>
Path params:	<none>
Headers:		Accept=*/*
				Content-Type=application/json; charset=UTF-8
Cookies:		<none>
Multiparts:		<none>
Body:
{
    "fullName": "dadwada",
    "email": "crian1234556@gmail.com",
    "level": " ",
    "available": true,
    "values": "",
    "role": "User"
}
HTTP/1.1 400 Bad Request
x-powered-by: Express
access-control-allow-origin: *
content-type: application/json; charset=utf-8
content-length: 105
etag: W/"69-CCWB5Vm/vDoKWLnNFgRxexv6o1s"
date: Wed, 26 Apr 2023 15:25:44 GMT
server: railway

{
    "statusCode": 400,
    "message": [
        "level must be one of the following values: 1, 2, 3"
    ],
    "error": "Bad Request"
}
Request method:	POST
Request URI:	https://reto-q-backend-production.up.railway.app/user/registerUser
Proxy:			<none>
Request params:	<none>
Query params:	<none>
Form params:	<none>
Path params:	<none>
Headers:		Accept=*/*
				Content-Type=application/json; charset=UTF-8
Cookies:		<none>
Multiparts:		<none>
Body:
{
    "fullName": "Cristian",
    "email": "cristi556@gmail.com",
    "level": "rii",
    "available": false,
    "values": "",
    "role": "Admin"
}
HTTP/1.1 400 Bad Request
x-powered-by: Express
access-control-allow-origin: *
content-type: application/json; charset=utf-8
content-length: 105
etag: W/"69-CCWB5Vm/vDoKWLnNFgRxexv6o1s"
date: Wed, 26 Apr 2023 15:25:44 GMT
server: railway

{
    "statusCode": 400,
    "message": [
        "level must be one of the following values: 1, 2, 3"
    ],
    "error": "Bad Request"
}
Request method:	POST
Request URI:	https://reto-q-backend-production.up.railway.app/user/registerUser
Proxy:			<none>
Request params:	<none>
Query params:	<none>
Form params:	<none>
Path params:	<none>
Headers:		Accept=*/*
				Content-Type=application/json; charset=UTF-8
Cookies:		<none>
Multiparts:		<none>
Body:
{
    "fullName": "Cristian",
    "email": "cristian1234556@gmail.com",
    "level": "-2",
    "available": false,
    "values": "",
    "role": "QA"
}
HTTP/1.1 400 Bad Request
x-powered-by: Express
access-control-allow-origin: *
content-type: application/json; charset=utf-8
content-length: 161
etag: W/"a1-O7h667C04gUmJ5xUY3i1uYdQLFc"
date: Wed, 26 Apr 2023 15:25:45 GMT
server: railway

{
    "statusCode": 400,
    "message": [
        "level must be one of the following values: 1, 2, 3",
        "role must be one of the following values: User, Admin"
    ],
    "error": "Bad Request"
}
]]></system-out>
  <system-err><![CDATA[abr. 26, 2023 10:25:37 A. M. com.sofkau.stepdefinitions.PostUserStepDefinition que_estoy_en_el_API_reto_Q
INFO: INICIA LA AUTOMATIZACION
abr. 26, 2023 10:25:38 A. M. com.sofkau.stepdefinitions.PostUserStepDefinition envio_la_peticion_Post_con_los_siguientes_datos_del_usuario
INFO: Realiza la peticion
abr. 26, 2023 10:25:39 A. M. com.sofkau.stepdefinitions.PostUserStepDefinition que_estoy_en_el_API_reto_Q
INFO: INICIA LA AUTOMATIZACION
abr. 26, 2023 10:25:39 A. M. com.sofkau.stepdefinitions.PostUserStepDefinition envio_la_peticion_Post_con_los_siguientes_datos_del_usuario
INFO: Realiza la peticion
abr. 26, 2023 10:25:40 A. M. com.sofkau.stepdefinitions.PostUserStepDefinition que_estoy_en_el_API_reto_Q
INFO: INICIA LA AUTOMATIZACION
abr. 26, 2023 10:25:40 A. M. com.sofkau.stepdefinitions.PostUserStepDefinition envio_la_peticion_Post_con_los_siguientes_datos_del_usuario
INFO: Realiza la peticion
abr. 26, 2023 10:25:40 A. M. com.sofkau.stepdefinitions.PostUserStepDefinition que_estoy_en_el_API_reto
INFO: INICIA LA AUTOMATIZACION
abr. 26, 2023 10:25:41 A. M. com.sofkau.stepdefinitions.PostUserStepDefinition envio_la_peticion_Post_con_los_datos_del_usuario
INFO: Realiza la peticion
abr. 26, 2023 10:25:41 A. M. com.sofkau.stepdefinitions.PostUserStepDefinition recibo
INFO: Se finaliza el step de la API
abr. 26, 2023 10:25:41 A. M. com.sofkau.stepdefinitions.PostUserStepDefinition que_estoy_en_el_API_reto
INFO: INICIA LA AUTOMATIZACION
abr. 26, 2023 10:25:41 A. M. com.sofkau.stepdefinitions.PostUserStepDefinition envio_la_peticion_Post_con_los_datos_del_usuario
INFO: Realiza la peticion
abr. 26, 2023 10:25:41 A. M. com.sofkau.stepdefinitions.PostUserStepDefinition recibo
INFO: Se finaliza el step de la API
abr. 26, 2023 10:25:41 A. M. com.sofkau.stepdefinitions.PostUserStepDefinition que_estoy_en_el_API_reto
INFO: INICIA LA AUTOMATIZACION
abr. 26, 2023 10:25:42 A. M. com.sofkau.stepdefinitions.PostUserStepDefinition envio_la_peticion_Post_con_los_datos_del_usuario
INFO: Realiza la peticion
abr. 26, 2023 10:25:42 A. M. com.sofkau.stepdefinitions.PostUserStepDefinition recibo
INFO: Se finaliza el step de la API
abr. 26, 2023 10:25:42 A. M. com.sofkau.stepdefinitions.PostUserStepDefinition que_estoy_en_el_API_reto
INFO: INICIA LA AUTOMATIZACION
abr. 26, 2023 10:25:42 A. M. com.sofkau.stepdefinitions.PostUserStepDefinition envio_la_peticion_Post_con_los_datos_del_usuario
INFO: Realiza la peticion
abr. 26, 2023 10:25:42 A. M. com.sofkau.stepdefinitions.PostUserStepDefinition que_estoy_en_el_API_reto
INFO: INICIA LA AUTOMATIZACION
abr. 26, 2023 10:25:43 A. M. com.sofkau.stepdefinitions.PostUserStepDefinition envio_la_peticion_Post_con_los_datos_del_usuario
INFO: Realiza la peticion
abr. 26, 2023 10:25:43 A. M. com.sofkau.stepdefinitions.PostUserStepDefinition recibo
INFO: Se finaliza el step de la API
abr. 26, 2023 10:25:43 A. M. com.sofkau.stepdefinitions.PostUserStepDefinition que_estoy_en_el_API_reto
INFO: INICIA LA AUTOMATIZACION
abr. 26, 2023 10:25:43 A. M. com.sofkau.stepdefinitions.PostUserStepDefinition envio_la_peticion_Post_con_los_datos_del_usuario
INFO: Realiza la peticion
abr. 26, 2023 10:25:43 A. M. com.sofkau.stepdefinitions.PostUserStepDefinition recibo
INFO: Se finaliza el step de la API
abr. 26, 2023 10:25:43 A. M. com.sofkau.stepdefinitions.PostUserStepDefinition que_estoy_en_el_API_reto
INFO: INICIA LA AUTOMATIZACION
abr. 26, 2023 10:25:44 A. M. com.sofkau.stepdefinitions.PostUserStepDefinition envio_la_peticion_Post_con_los_datos_del_usuario
INFO: Realiza la peticion
abr. 26, 2023 10:25:44 A. M. com.sofkau.stepdefinitions.PostUserStepDefinition recibo
INFO: Se finaliza el step de la API
abr. 26, 2023 10:25:44 A. M. com.sofkau.stepdefinitions.PostUserStepDefinition que_estoy_en_el_API_reto
INFO: INICIA LA AUTOMATIZACION
abr. 26, 2023 10:25:44 A. M. com.sofkau.stepdefinitions.PostUserStepDefinition envio_la_peticion_Post_con_los_datos_del_usuario
INFO: Realiza la peticion
abr. 26, 2023 10:25:44 A. M. com.sofkau.stepdefinitions.PostUserStepDefinition recibo
INFO: Se finaliza el step de la API
abr. 26, 2023 10:25:44 A. M. com.sofkau.stepdefinitions.PostUserStepDefinition que_estoy_en_el_API_reto
INFO: INICIA LA AUTOMATIZACION
abr. 26, 2023 10:25:45 A. M. com.sofkau.stepdefinitions.PostUserStepDefinition envio_la_peticion_Post_con_los_datos_del_usuario
INFO: Realiza la peticion
abr. 26, 2023 10:25:45 A. M. com.sofkau.stepdefinitions.PostUserStepDefinition recibo
INFO: Se finaliza el step de la API
]]></system-err>
</testsuite>
